apps/api/src/common/filters/http-exception.filter.spec.ts:84:    expect(response.timestamp).toBeDefined();
apps/api/src/common/guards/clerk-auth.guard.spec.ts:238:      expect(request.user).toBeDefined();
apps/api/src/common/interceptors/transform.interceptor.spec.ts:17:      expect(result.timestamp).toBeDefined();
apps/api/src/common/queue/processors/ai-tasks.processor.spec.ts:49:    expect(processor).toBeDefined();
apps/api/src/common/queue/processors/search-indexing.processor.spec.ts:40:    expect(processor).toBeDefined();
apps/api/src/common/queue/processors/search-indexing.processor.spec.ts:46:    expect(processor).toBeDefined();
apps/api/src/common/queue/processors/webhook.processor.spec.ts:32:    expect(processor).toBeDefined();
apps/api/src/common/queue/processors/webhook.processor.spec.ts:96:      expect(capturedHeaders['X-Mizanly-Timestamp']).toBeDefined();
apps/api/src/common/services/email.service.spec.ts:184:      expect((service as any).resend.emails).toBeDefined();
apps/api/src/gateways/chat.gateway.spec.ts:150:    expect(gateway).toBeDefined();
apps/api/src/gateways/chat.gateway.spec.ts:151:    expect(gateway.server).toBeDefined();
apps/api/src/integration/auth-matrix-batch.spec.ts:109:      expect(result).toBeDefined();
apps/api/src/integration/auth-matrix-remaining.spec.ts:88:      expect(result).toBeDefined();
apps/api/src/integration/auth-matrix-remaining.spec.ts:199:      expect(result).toBeDefined();
apps/api/src/integration/auth-matrix-remaining.spec.ts:249:      expect(result).toBeDefined();
apps/api/src/integration/comprehensive-auth-batch.spec.ts:164:      expect(result).toBeDefined();
apps/api/src/integration/comprehensive-auth-batch.spec.ts:242:        expect(item.type).toBeDefined();
apps/api/src/integration/comprehensive-auth-batch.spec.ts:244:        expect(item.animation).toBeDefined();
apps/api/src/integration/concurrency-remaining.spec.ts:303:      expect(result).toBeDefined();
apps/api/src/integration/concurrency-remaining.spec.ts:339:      expect(result).toBeDefined();
apps/api/src/integration/concurrency-remaining.spec.ts:346:      expect(result).toBeDefined();
apps/api/src/integration/concurrency-remaining.spec.ts:403:      expect(result).toBeDefined();
apps/api/src/integration/concurrency-remaining.spec.ts:409:      expect(result).toBeDefined();
apps/api/src/integration/concurrency-remaining.spec.ts:431:      expect(result).toBeDefined();
apps/api/src/integration/content-flow.integration.spec.ts:442:      expect(result).toBeDefined();
apps/api/src/integration/content-flow.integration.spec.ts:469:      expect(result).toBeDefined();
apps/api/src/integration/content-flow.integration.spec.ts:657:      expect(feedResult.data).toBeDefined();
apps/api/src/integration/edge-cases-additional.spec.ts:162:      expect(result).toBeDefined();
apps/api/src/integration/edge-cases-additional.spec.ts:169:      expect(result).toBeDefined();
apps/api/src/integration/edge-cases-additional.spec.ts:380:      expect(result).toBeDefined();
apps/api/src/integration/edge-cases-additional.spec.ts:385:      expect(result).toBeDefined();
apps/api/src/integration/edge-cases-additional.spec.ts:398:      expect(result).toBeDefined();
apps/api/src/integration/edge-cases-additional.spec.ts:403:      expect(result).toBeDefined();
apps/api/src/integration/edge-cases-additional.spec.ts:408:      expect(result).toBeDefined();
apps/api/src/integration/edge-cases-additional.spec.ts:428:      expect(result.data).toBeDefined();
apps/api/src/integration/error-recovery-batch.spec.ts:59:      expect(result.data).toBeDefined();
apps/api/src/integration/error-recovery-batch.spec.ts:73:      expect(result.data).toBeDefined();
apps/api/src/integration/error-recovery-batch.spec.ts:78:      expect(result).toBeDefined();
apps/api/src/integration/error-recovery-batch.spec.ts:83:      expect(result).toBeDefined();
apps/api/src/integration/error-recovery-batch.spec.ts:88:      expect(result).toBeDefined();
apps/api/src/integration/final-100.spec.ts:114:      expect(result).toBeDefined();
apps/api/src/integration/final-100.spec.ts:121:      expect(result).toBeDefined();
apps/api/src/integration/final-100.spec.ts:139:      expect(result.reaction).toBeDefined();
apps/api/src/integration/final-100.spec.ts:185:      expect(result.data).toBeDefined();
apps/api/src/integration/final-100.spec.ts:213:        expect(result).toBeDefined();
apps/api/src/integration/final-100.spec.ts:230:        expect(result).toBeDefined();
apps/api/src/integration/final-100.spec.ts:267:      expect(result).toBeDefined();
apps/api/src/integration/final-100.spec.ts:275:      expect(result).toBeDefined();
apps/api/src/integration/final-100.spec.ts:349:      expect(result).toBeDefined();
apps/api/src/integration/final-coverage-push.spec.ts:96:      expect(result.data).toBeDefined();
apps/api/src/integration/final-coverage-push.spec.ts:104:      expect(result.data).toBeDefined();
apps/api/src/integration/final-coverage-push.spec.ts:112:      expect(result).toBeDefined();
apps/api/src/integration/final-coverage-push.spec.ts:122:      expect(result).toBeDefined();
apps/api/src/integration/final-coverage-push.spec.ts:129:      expect(result).toBeDefined();
apps/api/src/integration/final-coverage-push.spec.ts:287:        expect(result.reaction).toBeDefined();
apps/api/src/integration/final-coverage-push.spec.ts:368:      expect(result.data).toBeDefined();
apps/api/src/integration/final-coverage-push.spec.ts:375:      expect(result.data).toBeDefined();
apps/api/src/integration/final-coverage-push.spec.ts:394:      expect(result).toBeDefined();
apps/api/src/integration/final-push-part2.spec.ts:58:      expect(result).toBeDefined();
apps/api/src/integration/final-push-part2.spec.ts:63:      expect(result).toBeDefined();
apps/api/src/integration/final-push-part2.spec.ts:307:        expect(item.animation).toBeDefined();
apps/api/src/integration/final-push-part3.spec.ts:135:      expect(result.data).toBeDefined();
apps/api/src/integration/final-push-part3.spec.ts:181:      expect(result).toBeDefined();
apps/api/src/integration/final-push-part3.spec.ts:347:      expect(result).toBeDefined();
apps/api/src/integration/final-push-part3.spec.ts:355:      expect(result).toBeDefined();
apps/api/src/integration/final-push-part3.spec.ts:363:      expect(result).toBeDefined();
apps/api/src/integration/final-push-part3.spec.ts:370:      expect(result).toBeDefined();
apps/api/src/integration/final-push-part3.spec.ts:463:      expect(result).toBeDefined();
apps/api/src/integration/final-push-part3.spec.ts:498:      expect(result).toBeDefined();
apps/api/src/integration/final-push-part3.spec.ts:505:      expect(result).toBeDefined();
apps/api/src/integration/final-push-part3.spec.ts:512:      expect(result).toBeDefined();
apps/api/src/integration/rate-limiting.integration.spec.ts:70:      expect(guardProvider).toBeDefined();
apps/api/src/modules/ai/ai.service.edge.spec.ts:43:      expect(result).toBeDefined();
apps/api/src/modules/ai/ai.service.edge.spec.ts:49:      expect(result).toBeDefined();
apps/api/src/modules/ai/ai.service.edge.spec.ts:63:      expect(result).toBeDefined();
apps/api/src/modules/ai/ai.service.spec.ts:154:      expect(result.confidence).toBeDefined();
apps/api/src/modules/ai/ai.service.spec.ts:237:      expect(result).toBeDefined();
apps/api/src/modules/ai/ai.service.spec.ts:253:      expect(result).toBeDefined();
apps/api/src/modules/alt-profile/alt-profile.service.auth.spec.ts:59:    expect(result).toBeDefined();
apps/api/src/modules/alt-profile/alt-profile.service.spec.ts:40:    expect(service).toBeDefined();
apps/api/src/modules/audio-rooms/audio-rooms.service.spec.ts:373:      expect(result).toBeDefined();
apps/api/src/modules/audio-tracks/audio-tracks.controller.spec.ts:34:    expect(controller).toBeDefined();
apps/api/src/modules/auth/webhooks.controller.type.spec.ts:28:    expect(controller).toBeDefined();
apps/api/src/modules/bookmarks/bookmarks.controller.spec.ts:25:  it('should be defined', () => { expect(controller).toBeDefined(); });
apps/api/src/modules/bookmarks/bookmarks.service.edge.spec.ts:70:      expect(result).toBeDefined();
apps/api/src/modules/bookmarks/bookmarks.service.edge.spec.ts:93:      expect(result).toBeDefined();
apps/api/src/modules/broadcast/broadcast.controller.spec.ts:48:    expect(controller).toBeDefined();
apps/api/src/modules/broadcast/broadcast.service.edge.spec.ts:47:    expect(result).toBeDefined();
apps/api/src/modules/calls/calls.controller.spec.ts:35:    expect(controller).toBeDefined();
apps/api/src/modules/calls/calls.service.spec.ts:147:      expect(result).toBeDefined();
apps/api/src/modules/calls/calls.service.spec.ts:161:      expect(result.iceServers).toBeDefined();
apps/api/src/modules/channel-posts/channel-posts.controller.spec.ts:36:    expect(controller).toBeDefined();
apps/api/src/modules/channels/channels.controller.spec.ts:50:    expect(controller).toBeDefined();
apps/api/src/modules/channels/channels.service.auth.spec.ts:93:    expect(result).toBeDefined();
apps/api/src/modules/channels/channels.service.concurrency.spec.ts:59:    expect(subR.status).toBeDefined();
apps/api/src/modules/channels/channels.service.concurrency.spec.ts:60:    expect(unsubR.status).toBeDefined();
apps/api/src/modules/channels/channels.service.spec.ts:462:      expect(result).toBeDefined();
apps/api/src/modules/chat-export/chat-export.service.spec.ts:37:      expect(result.conversation).toBeDefined();
apps/api/src/modules/collabs/collabs.controller.spec.ts:35:    expect(controller).toBeDefined();
apps/api/src/modules/commerce/commerce.service.spec.ts:91:      expect(result).toBeDefined();
apps/api/src/modules/communities/communities.service.auth.spec.ts:39:    expect(result).toBeDefined();
apps/api/src/modules/communities/communities.service.auth.spec.ts:54:    expect(result).toBeDefined();
apps/api/src/modules/communities/communities.service.edge.spec.ts:64:      expect(result).toBeDefined();
apps/api/src/modules/creator/creator.service.spec.ts:90:      expect(result.bestHours).toBeDefined();
apps/api/src/modules/devices/devices.service.auth.spec.ts:48:    expect(result).toBeDefined();
apps/api/src/modules/devices/devices.service.auth.spec.ts:62:    expect(result).toBeDefined();
apps/api/src/modules/discord-features/discord-features.service.edge.spec.ts:39:    expect(result).toBeDefined();
apps/api/src/modules/discord-features/discord-features.service.spec.ts:136:      expect(result.data).toBeDefined();
apps/api/src/modules/discord-features/discord-features.service.spec.ts:137:      expect(result.meta).toBeDefined();
apps/api/src/modules/discord-features/discord-features.service.spec.ts:228:      expect(result.data).toBeDefined();
apps/api/src/modules/discord-features/discord-features.service.spec.ts:229:      expect(result.meta).toBeDefined();
apps/api/src/modules/drafts/drafts.service.edge.spec.ts:38:    expect(result).toBeDefined();
apps/api/src/modules/encryption/encryption.service.spec.ts:83:      expect(result).toBeDefined();
apps/api/src/modules/events/events.service.auth.spec.ts:38:    expect(result).toBeDefined();
apps/api/src/modules/events/events.service.auth.spec.ts:51:    expect(result).toBeDefined();
apps/api/src/modules/events/events.service.edge.spec.ts:94:      expect(result).toBeDefined();
apps/api/src/modules/feed/feed-transparency.service.spec.ts:82:      expect(result.reasons).toBeDefined();
apps/api/src/modules/feed/feed-transparency.service.spec.ts:93:      expect(result.reasons).toBeDefined();
apps/api/src/modules/feed/feed-transparency.service.spec.ts:126:      expect(result.reasons).toBeDefined();
apps/api/src/modules/feed/feed.controller.spec.ts:57:    expect(controller).toBeDefined();
apps/api/src/modules/feed/feed.service.spec.ts:78:      expect(result.meta.cursor).toBeDefined();
apps/api/src/modules/feed/feed.service.spec.ts:404:      expect(page1.meta.cursor).toBeDefined();
apps/api/src/modules/feed/feed.service.spec.ts:490:      expect(result).toBeDefined();
apps/api/src/modules/feed/personalized-feed.service.spec.ts:443:      expect(result.meta.cursor).toBeDefined();
apps/api/src/modules/feed/personalized-feed.service.spec.ts:502:      expect(editorialCall).toBeDefined();
apps/api/src/modules/follows/follows.service.concurrency.spec.ts:60:    expect(r1.status).toBeDefined();
apps/api/src/modules/follows/follows.service.concurrency.spec.ts:61:    expect(r2.status).toBeDefined();
apps/api/src/modules/follows/follows.service.edge.spec.ts:71:      expect(result.follow).toBeDefined();
apps/api/src/modules/gamification/gamification.service.concurrency.spec.ts:95:    expect(result).toBeDefined();
apps/api/src/modules/gamification/gamification.service.edge.spec.ts:58:      expect(result).toBeDefined();
apps/api/src/modules/gamification/gamification.service.edge.spec.ts:66:      expect(result).toBeDefined();
apps/api/src/modules/gamification/gamification.service.spec.ts:117:      expect(result.progressToNext).toBeDefined();
apps/api/src/modules/gamification/gamification.service.spec.ts:259:      expect(result).toBeDefined();
apps/api/src/modules/gamification/gamification.service.spec.ts:445:      expect(result).toBeDefined();
apps/api/src/modules/gifts/gifts.service.concurrency.spec.ts:80:    expect(gift.status).toBeDefined();
apps/api/src/modules/gifts/gifts.service.concurrency.spec.ts:97:    expect(catalog[0].type).toBeDefined();
apps/api/src/modules/halal/halal.service.spec.ts:44:    expect(service).toBeDefined();
apps/api/src/modules/halal/halal.service.spec.ts:52:      expect(result).toBeDefined();
apps/api/src/modules/health/health.controller.spec.ts:68:    expect(controller).toBeDefined();
apps/api/src/modules/health/health.controller.spec.ts:94:      expect(result.timestamp).toBeDefined();
apps/api/src/modules/health/health.controller.spec.ts:95:      expect(result.version).toBeDefined();
apps/api/src/modules/health/health.controller.spec.ts:127:      expect(result.memory).toBeDefined();
apps/api/src/modules/health/health.controller.spec.ts:128:      expect(result.memory.heapUsedMB).toBeDefined();
apps/api/src/modules/health/legal.controller.spec.ts:23:      expect(result.lastUpdated).toBeDefined();
apps/api/src/modules/health/legal.controller.spec.ts:54:      expect(result.lastUpdated).toBeDefined();
apps/api/src/modules/islamic/islamic.service.edge.spec.ts:89:      expect(result.timings.fajr).toBeDefined();
apps/api/src/modules/islamic/islamic.service.edge.spec.ts:90:      expect(result.timings.isha).toBeDefined();
apps/api/src/modules/islamic/islamic.service.edge.spec.ts:96:      expect(result.timings).toBeDefined();
apps/api/src/modules/islamic/islamic.service.edge.spec.ts:121:      expect(result.nameEnglish).toBeDefined();
apps/api/src/modules/islamic/islamic.service.recovery.spec.ts:66:      expect(result.timings.fajr).toBeDefined();
apps/api/src/modules/islamic/islamic.service.recovery.spec.ts:67:      expect(result.timings.maghrib).toBeDefined();
apps/api/src/modules/islamic/islamic.service.recovery.spec.ts:73:      expect(result.timings).toBeDefined();
apps/api/src/modules/islamic/islamic.service.recovery.spec.ts:79:      expect(result.timings.fajr).toBeDefined();
apps/api/src/modules/islamic/islamic.service.recovery.spec.ts:87:      expect(result.timings).toBeDefined();
apps/api/src/modules/islamic/islamic.service.spec.ts:157:      expect(result.date).toBeDefined();
apps/api/src/modules/islamic/islamic.service.spec.ts:165:      expect(result).toBeDefined();
apps/api/src/modules/islamic/islamic.service.spec.ts:226:      expect(result).toBeDefined();
apps/api/src/modules/islamic/islamic.service.spec.ts:229:      expect(result.arabic).toBeDefined();
apps/api/src/modules/islamic/islamic.service.spec.ts:230:      expect(result.english).toBeDefined();
apps/api/src/modules/islamic/islamic.service.spec.ts:243:      expect(day1).toBeDefined();
apps/api/src/modules/islamic/islamic.service.spec.ts:244:      expect(day2).toBeDefined();
apps/api/src/modules/islamic/islamic.service.spec.ts:361:      expect(result).toBeDefined();
apps/api/src/modules/islamic/islamic.service.spec.ts:734:      expect(result).toBeDefined();
apps/api/src/modules/islamic/islamic.service.spec.ts:793:      expect(result.surahName).toBeDefined();
apps/api/src/modules/islamic/islamic.service.spec.ts:837:      expect(result).toBeDefined();
apps/api/src/modules/islamic/islamic.service.spec.ts:840:      expect(result?.arabicText).toBeDefined();
apps/api/src/modules/islamic/islamic.service.spec.ts:854:      expect(dua1.arabicText).toBeDefined();
apps/api/src/modules/islamic/islamic.service.spec.ts:855:      expect(dua1.category).toBeDefined();
apps/api/src/modules/islamic/islamic.service.spec.ts:1017:      expect(result[0].arabicName).toBeDefined();
apps/api/src/modules/islamic/islamic.service.spec.ts:1020:      expect(result[0].explanation).toBeDefined();
apps/api/src/modules/islamic/islamic.service.spec.ts:1027:      expect(result).toBeDefined();
apps/api/src/modules/islamic/islamic.service.spec.ts:1048:      expect(name1.arabicName).toBeDefined();
apps/api/src/modules/islamic/islamic.service.spec.ts:1113:        await expect(service.updateHifzProgress('user-1', 1, status)).resolves.toBeDefined();
apps/api/src/modules/islamic/islamic.service.spec.ts:1169:      expect(result.hijriDate).toBeDefined();
apps/api/src/modules/islamic/islamic.service.spec.ts:1170:      expect(result.hadithOfTheDay).toBeDefined();
apps/api/src/modules/islamic/islamic.service.spec.ts:1171:      expect(result.hadithOfTheDay.text).toBeDefined();
apps/api/src/modules/islamic/islamic.service.spec.ts:1172:      expect(result.hadithOfTheDay.arabic).toBeDefined();
apps/api/src/modules/islamic/islamic.service.spec.ts:1173:      expect(result.duaOfTheDay).toBeDefined();
apps/api/src/modules/islamic/islamic.service.spec.ts:1174:      expect(result.duaOfTheDay.arabic).toBeDefined();
apps/api/src/modules/islamic/islamic.service.spec.ts:1175:      expect(result.ayahOfTheDay).toBeDefined();
apps/api/src/modules/islamic/islamic.service.spec.ts:1825:      expect(result[0].arabicName).toBeDefined();
apps/api/src/modules/islamic/islamic.service.spec.ts:1827:        expect(r.id).toBeDefined();
apps/api/src/modules/islamic/islamic.service.spec.ts:1828:        expect(r.name).toBeDefined();
apps/api/src/modules/islamic/islamic.service.spec.ts:1829:        expect(r.arabicName).toBeDefined();
apps/api/src/modules/islamic/islamic.service.spec.ts:1852:        expect(r.arabicName).toBeDefined();
apps/api/src/modules/islamic/islamic.service.spec.ts:1878:      expect(result.currentPrayer).toBeDefined();
apps/api/src/modules/islamic/islamic.service.spec.ts:1879:      expect(result.nextPrayer).toBeDefined();
apps/api/src/modules/live/live.controller.spec.ts:42:    expect(controller).toBeDefined();
apps/api/src/modules/live/live.service.auth.spec.ts:39:    expect(result).toBeDefined();
apps/api/src/modules/live/live.service.spec.ts:115:      expect(callArgs.select).toBeDefined();
apps/api/src/modules/live/live.service.spec.ts:136:      expect(callArgs.select).toBeDefined();
apps/api/src/modules/live/live.service.spec.ts:167:      expect(callArgs.select).toBeDefined();
apps/api/src/modules/live/live.service.spec.ts:168:      expect(callArgs.select.host).toBeDefined();
apps/api/src/modules/messages/messages.controller.spec.ts:61:    expect(controller).toBeDefined();
apps/api/src/modules/messages/messages.service.auth.spec.ts:112:      expect(result).toBeDefined();
apps/api/src/modules/messages/messages.service.concurrency.spec.ts:68:    expect(editResult.status).toBeDefined();
apps/api/src/modules/messages/messages.service.concurrency.spec.ts:69:    expect(deleteResult.status).toBeDefined();
apps/api/src/modules/messages/messages.service.concurrency.spec.ts:131:    expect(result).toBeDefined();
apps/api/src/modules/messages/messages.service.edge.spec.ts:100:      expect(result).toBeDefined();
apps/api/src/modules/messages/messages.service.edge.spec.ts:110:      expect(result).toBeDefined();
apps/api/src/modules/messages/messages.service.edge.spec.ts:123:      expect(result).toBeDefined();
apps/api/src/modules/messages/messages.service.edge.spec.ts:132:      expect(result).toBeDefined();
apps/api/src/modules/messages/messages.service.edge.spec.ts:160:      expect(result.message).toBeDefined();
apps/api/src/modules/messages/messages.service.spec.ts:885:      expect(createCall).toBeDefined();
apps/api/src/modules/messages/messages.service.spec.ts:966:      expect(result.deliveredAt).toBeDefined();
apps/api/src/modules/messages/messages.service.spec.ts:1116:      expect(result.viewedAt).toBeDefined();
apps/api/src/modules/messages/messages.service.spec.ts:1259:      expect(result).toBeDefined();
apps/api/src/modules/moderation/content-safety.service.spec.ts:237:      expect(result.suggestion).toBeDefined();
apps/api/src/modules/moderation/content-safety.service.spec.ts:353:      expect(result.reason).toBeDefined();
apps/api/src/modules/moderation/moderation.service.edge.spec.ts:48:    expect(prisma.report.create).toBeDefined();
apps/api/src/modules/notifications/notifications.service.spec.ts:178:      expect(callArgs.include.post).toBeDefined();
apps/api/src/modules/notifications/notifications.service.spec.ts:179:      expect(callArgs.include.thread).toBeDefined();
apps/api/src/modules/notifications/notifications.service.spec.ts:191:      expect(callArgs.include.post).toBeDefined();
apps/api/src/modules/notifications/notifications.service.spec.ts:192:      expect(callArgs.include.thread).toBeDefined();
apps/api/src/modules/notifications/notifications.service.spec.ts:193:      expect(callArgs.include.reel).toBeDefined();
apps/api/src/modules/notifications/notifications.service.spec.ts:194:      expect(callArgs.include.video).toBeDefined();
apps/api/src/modules/notifications/notifications.service.spec.ts:204:      expect(callArgs.include.post).toBeDefined();
apps/api/src/modules/notifications/notifications.service.spec.ts:205:      expect(callArgs.include.thread).toBeDefined();
apps/api/src/modules/notifications/notifications.service.spec.ts:206:      expect(callArgs.include.reel).toBeDefined();
apps/api/src/modules/notifications/notifications.service.spec.ts:207:      expect(callArgs.include.video).toBeDefined();
apps/api/src/modules/notifications/push.service.spec.ts:101:      expect(notif.title).toBeDefined();
apps/api/src/modules/notifications/push.service.spec.ts:158:      expect(result).toBeDefined();
apps/api/src/modules/notifications/push.service.spec.ts:165:      expect(result).toBeDefined();
apps/api/src/modules/notifications/push.service.spec.ts:171:      expect(result).toBeDefined();
apps/api/src/modules/notifications/push.service.spec.ts:177:      expect(result).toBeDefined();
apps/api/src/modules/notifications/push.service.spec.ts:188:      expect(result).toBeDefined();
apps/api/src/modules/notifications/push.service.spec.ts:194:      expect(result).toBeDefined();
apps/api/src/modules/notifications/push.service.spec.ts:200:      expect(result).toBeDefined();
apps/api/src/modules/notifications/push.service.spec.ts:207:      expect(result).toBeDefined();
apps/api/src/modules/parental-controls/parental-controls.service.spec.ts:255:      expect(result).toBeDefined();
apps/api/src/modules/payments/payments.service.edge.spec.ts:75:    expect(result).toBeDefined();
apps/api/src/modules/playlists/playlists.controller.spec.ts:50:    expect(controller).toBeDefined();
apps/api/src/modules/playlists/playlists.service.auth.spec.ts:40:    expect(result).toBeDefined();
apps/api/src/modules/playlists/playlists.service.spec.ts:75:    expect(service).toBeDefined();
apps/api/src/modules/posts/posts.controller.spec.ts:62:    expect(controller).toBeDefined();
apps/api/src/modules/posts/posts.service.abuse.spec.ts:65:    expect(result).toBeDefined();
apps/api/src/modules/posts/posts.service.abuse.spec.ts:92:    expect(result.reaction).toBeDefined();
apps/api/src/modules/posts/posts.service.concurrency.spec.ts:80:    expect(r1.status).toBeDefined();
apps/api/src/modules/posts/posts.service.concurrency.spec.ts:81:    expect(r2.status).toBeDefined();
apps/api/src/modules/posts/posts.service.concurrency.spec.ts:126:    expect(deleteResult.status).toBeDefined();
apps/api/src/modules/posts/posts.service.concurrency.spec.ts:127:    expect(likeResult.status).toBeDefined();
apps/api/src/modules/posts/posts.service.concurrency.spec.ts:139:    expect(r1.reaction).toBeDefined();
apps/api/src/modules/posts/posts.service.concurrency.spec.ts:145:    expect(r3.reaction).toBeDefined();
apps/api/src/modules/posts/posts.service.edge.spec.ts:144:      expect(result.content).toBeDefined();
apps/api/src/modules/posts/posts.service.edge.spec.ts:164:      expect(result).toBeDefined();
apps/api/src/modules/posts/posts.service.edge.spec.ts:189:      expect(result).toBeDefined();
apps/api/src/modules/posts/posts.service.edge.spec.ts:210:      expect(result).toBeDefined();
apps/api/src/modules/posts/posts.service.edge.spec.ts:275:      expect(result.data).toBeDefined();
apps/api/src/modules/posts/posts.service.edge.spec.ts:292:      expect(result.data).toBeDefined();
apps/api/src/modules/posts/posts.service.edge.spec.ts:303:      expect(result.data).toBeDefined();
apps/api/src/modules/posts/posts.service.spec.ts:156:      expect(result).toBeDefined();
apps/api/src/modules/privacy/privacy.service.auth.spec.ts:49:    expect(result).toBeDefined();
apps/api/src/modules/privacy/privacy.service.spec.ts:78:      expect(result.profile).toBeDefined();
apps/api/src/modules/privacy/privacy.service.spec.ts:79:      expect(result.posts).toBeDefined();
apps/api/src/modules/privacy/privacy.service.spec.ts:80:      expect(result.threads).toBeDefined();
apps/api/src/modules/privacy/privacy.service.spec.ts:81:      expect(result.stories).toBeDefined();
apps/api/src/modules/privacy/privacy.service.spec.ts:82:      expect(result.reels).toBeDefined();
apps/api/src/modules/privacy/privacy.service.spec.ts:83:      expect(result.messages).toBeDefined();
apps/api/src/modules/privacy/privacy.service.spec.ts:84:      expect(result.comments).toBeDefined();
apps/api/src/modules/privacy/privacy.service.spec.ts:85:      expect(result.postReactions).toBeDefined();
apps/api/src/modules/privacy/privacy.service.spec.ts:86:      expect(result.following).toBeDefined();
apps/api/src/modules/privacy/privacy.service.spec.ts:87:      expect(result.exportedAt).toBeDefined();
apps/api/src/modules/privacy/privacy.service.spec.ts:151:      expect(result.exportedAt).toBeDefined();
apps/api/src/modules/promotions/promotions.service.spec.ts:87:      expect(result).toBeDefined();
apps/api/src/modules/recommendations/recommendations.service.spec.ts:762:      expect(result).toBeDefined();
apps/api/src/modules/reels/reels.controller.spec.ts:64:    expect(controller).toBeDefined();
apps/api/src/modules/reels/reels.service.auth.spec.ts:93:      expect(result).toBeDefined();
apps/api/src/modules/reels/reels.service.concurrency.spec.ts:98:    expect(deleteR.status).toBeDefined();
apps/api/src/modules/reels/reels.service.concurrency.spec.ts:99:    expect(likeR.status).toBeDefined();
apps/api/src/modules/reels/reels.service.edge.spec.ts:133:      expect(result).toBeDefined();
apps/api/src/modules/reels/reels.service.edge.spec.ts:147:      expect(result).toBeDefined();
apps/api/src/modules/reels/reels.service.edge.spec.ts:163:      expect(result).toBeDefined();
apps/api/src/modules/reels/reels.service.spec.ts:153:    expect(service).toBeDefined();
apps/api/src/modules/reels/reels.service.spec.ts:213:      expect(result).toBeDefined();
apps/api/src/modules/scheduling/scheduling.service.auth.spec.ts:42:    expect(result).toBeDefined();
apps/api/src/modules/scholar-qa/scholar-qa.service.spec.ts:175:      expect(result[0].recordingUrl).toBeDefined();
apps/api/src/modules/search/search.service.edge.spec.ts:56:      expect(result.data).toBeDefined();
apps/api/src/modules/search/search.service.edge.spec.ts:78:      expect(result.data).toBeDefined();
apps/api/src/modules/search/search.service.edge.spec.ts:85:      expect(result).toBeDefined();
apps/api/src/modules/search/search.service.edge.spec.ts:92:      expect(result).toBeDefined();
apps/api/src/modules/settings/settings.service.auth.spec.ts:35:    expect(result).toBeDefined();
apps/api/src/modules/settings/settings.service.auth.spec.ts:52:    expect(result).toBeDefined();
apps/api/src/modules/settings/settings.service.auth.spec.ts:58:    expect(result).toBeDefined();
apps/api/src/modules/stickers/stickers.controller.spec.ts:38:    expect(controller).toBeDefined();
apps/api/src/modules/stories/stories.controller.spec.ts:54:    expect(controller).toBeDefined();
apps/api/src/modules/stories/stories.service.auth.spec.ts:73:    expect(result).toBeDefined();
apps/api/src/modules/stories/stories.service.concurrency.spec.ts:92:    expect(deleteR.status).toBeDefined();
apps/api/src/modules/stories/stories.service.concurrency.spec.ts:93:    expect(viewR.status).toBeDefined();
apps/api/src/modules/telegram-features/telegram-features.service.edge.spec.ts:67:    expect(result).toBeDefined();
apps/api/src/modules/telegram-features/telegram-features.service.edge.spec.ts:73:    expect(result).toBeDefined();
apps/api/src/modules/telegram-features/telegram-features.service.edge.spec.ts:84:    expect(result).toBeDefined();
apps/api/src/modules/telegram-features/telegram-features.service.edge.spec.ts:122:    expect(result).toBeDefined();
apps/api/src/modules/telegram-features/telegram-features.service.edge.spec.ts:144:    expect(result).toBeDefined();
apps/api/src/modules/telegram-features/telegram-features.service.edge.spec.ts:202:    expect(result).toBeDefined();
apps/api/src/modules/telegram-features/telegram-features.service.edge.spec.ts:230:    expect(result).toBeDefined();
apps/api/src/modules/telegram-features/telegram-features.service.edge.spec.ts:238:    expect(result).toBeDefined();
apps/api/src/modules/telegram-features/telegram-features.service.edge.spec.ts:269:    expect(result).toBeDefined();
apps/api/src/modules/telegram-features/telegram-features.service.edge.spec.ts:277:    expect(result).toBeDefined();
apps/api/src/modules/telegram-features/telegram-features.service.spec.ts:135:      expect(result.meta).toBeDefined();
apps/api/src/modules/telegram-features/telegram-features.service.spec.ts:173:      expect(result.meta).toBeDefined();
apps/api/src/modules/telegram-features/telegram-features.service.spec.ts:223:      expect(result).toBeDefined();
apps/api/src/modules/telegram-features/telegram-features.service.spec.ts:282:      expect(result.meta).toBeDefined();
apps/api/src/modules/threads/threads.controller.spec.ts:61:    expect(controller).toBeDefined();
apps/api/src/modules/threads/threads.service.auth.spec.ts:98:      expect(result).toBeDefined();
apps/api/src/modules/threads/threads.service.concurrency.spec.ts:80:    expect(deleteR.status).toBeDefined();
apps/api/src/modules/threads/threads.service.concurrency.spec.ts:81:    expect(replyR.status).toBeDefined();
apps/api/src/modules/threads/threads.service.edge.spec.ts:163:      expect(result).toBeDefined();
apps/api/src/modules/threads/threads.service.edge.spec.ts:181:      expect(txArgs).toBeDefined();
apps/api/src/modules/threads/threads.service.edge.spec.ts:196:      expect(result).toBeDefined();
apps/api/src/modules/threads/threads.service.spec.ts:237:      expect(threadCreateCall[0].data.poll).toBeDefined();
apps/api/src/modules/thumbnails/thumbnails.service.spec.ts:32:    expect(service).toBeDefined();
apps/api/src/modules/two-factor/two-factor.service.edge.spec.ts:50:    expect(result).toBeDefined();
apps/api/src/modules/two-factor/two-factor.service.edge.spec.ts:52:    expect(result.secret || result.qrCodeUrl).toBeDefined();
apps/api/src/modules/two-factor/two-factor.service.spec.ts:44:      expect(result.secret).toBeDefined();
apps/api/src/modules/users/users.controller.spec.ts:66:    expect(controller).toBeDefined();
apps/api/src/modules/users/users.service.auth.spec.ts:78:    expect(result).toBeDefined();
apps/api/src/modules/users/users.service.auth.spec.ts:111:    expect(result).toBeDefined();
apps/api/src/modules/users/users.service.spec.ts:978:      expect(result.profile).toBeDefined();
apps/api/src/modules/users/users.service.spec.ts:984:      expect(result.exportedAt).toBeDefined();
apps/api/src/modules/video-replies/video-replies.service.spec.ts:41:      expect(result).toBeDefined();
apps/api/src/modules/videos/videos.controller.spec.ts:57:    expect(controller).toBeDefined();
apps/api/src/modules/videos/videos.service.concurrency.spec.ts:99:    expect(commentR.status).toBeDefined();
apps/api/src/modules/videos/videos.service.concurrency.spec.ts:100:    expect(deleteR.status).toBeDefined();
apps/api/src/modules/webhooks/webhooks.service.spec.ts:55:      expect(result.secret).toBeDefined();
